/bin/bash: warning: setlocale: LC_ALL: cannot change locale (en_US.UTF-8)
1677965037688	geckodriver	INFO	Listening on 127.0.0.1:40619
1677965038064	mozrunner::runner	INFO	Running command: "/snap/firefox/current/firefox.launcher" "--marionette" "-headless" "--remote-debugging-port" "59625" "--remote-allow-hosts" "localhost" "-no-remote" "-profile" "/tmp/rust_mozprofiletGXxIN"
*** You are running in headless mode.
Gtk-Message: 02:53:58.115: Not loading module "atk-bridge": The functionality is provided by GTK natively. Please try to not load it.
console.warn: services.settings: Ignoring preference override of remote settings server
console.warn: services.settings: Allow by setting MOZ_REMOTE_SETTINGS_DEVTOOLS=1 in the environment
1677965038396	Marionette	INFO	Marionette enabled
1677965038401	Marionette	INFO	Listening on port 44593
Read port: 44593
WebDriver BiDi listening on ws://127.0.0.1:59625
1677965038553	RemoteAgent	WARN	TLS certificate errors will be ignored for this session
[GFX1-]: RenderCompositorSWGL failed mapping default framebuffer, no dt
console.error: ({})
console.warn: SearchSettings: "get: No settings file exists, new profile?" (new NotFoundError("Could not open the file at /tmp/rust_mozprofiletGXxIN/search.json.mozlz4", (void 0)))
DevTools listening on ws://127.0.0.1:59625/devtools/browser/036b92ba-70b8-4a3a-9d62-dde13f089c51
libEGL warning: DRI2: failed to create dri screen
JavaScript warning: https://static.cdninstagram.com/rsrc.php/v3if8t4/yM/l/en_US/2ymNkCA5Ma0.js?_nc_x=Ij3Wp8lg5Kz, line 28: WEBGL_debug_renderer_info is deprecated in Firefox and will be removed. Please use RENDERER.
ALSA lib conf.c:4120:(snd_config_update_r) Cannot access file /usr/share/alsa/alsa.conf
ALSA lib seq.c:935:(snd_seq_open_noupdate) Unknown SEQ default
/bin/bash: warning: setlocale: LC_ALL: cannot change locale (en_US.UTF-8)
1677965076862	geckodriver	INFO	Listening on 127.0.0.1:41203
1677965077247	mozrunner::runner	INFO	Running command: "/snap/firefox/current/firefox.launcher" "--marionette" "-headless" "--remote-debugging-port" "33845" "--remote-allow-hosts" "localhost" "-no-remote" "-profile" "/tmp/rust_mozprofile10SEhb"
*** You are running in headless mode.
Gtk-Message: 02:54:37.278: Not loading module "atk-bridge": The functionality is provided by GTK natively. Please try to not load it.
console.warn: services.settings: Ignoring preference override of remote settings server
console.warn: services.settings: Allow by setting MOZ_REMOTE_SETTINGS_DEVTOOLS=1 in the environment
1677965077471	Marionette	INFO	Marionette enabled
1677965077473	Marionette	INFO	Listening on port 40797
WebDriver BiDi listening on ws://127.0.0.1:33845
Read port: 40797
1677965077604	RemoteAgent	WARN	TLS certificate errors will be ignored for this session
[GFX1-]: RenderCompositorSWGL failed mapping default framebuffer, no dt
console.error: ({})
console.warn: SearchSettings: "get: No settings file exists, new profile?" (new NotFoundError("Could not open the file at /tmp/rust_mozprofile10SEhb/search.json.mozlz4", (void 0)))
DevTools listening on ws://127.0.0.1:33845/devtools/browser/fd175a3c-96de-46b6-98bc-bfe59d6b7101
libEGL warning: DRI2: failed to create dri screen
JavaScript warning: https://static.cdninstagram.com/rsrc.php/v3if8t4/yM/l/en_US/2ymNkCA5Ma0.js?_nc_x=Ij3Wp8lg5Kz, line 28: WEBGL_debug_renderer_info is deprecated in Firefox and will be removed. Please use RENDERER.
ALSA lib conf.c:4120:(snd_config_update_r) Cannot access file /usr/share/alsa/alsa.conf
ALSA lib seq.c:935:(snd_seq_open_noupdate) Unknown SEQ default
/bin/bash: warning: setlocale: LC_ALL: cannot change locale (en_US.UTF-8)
1677965162567	geckodriver	INFO	Listening on 127.0.0.1:58991
1677965162723	mozrunner::runner	INFO	Running command: "/snap/firefox/current/firefox.launcher" "--marionette" "-headless" "--remote-debugging-port" "45225" "--remote-allow-hosts" "localhost" "-no-remote" "-profile" "/tmp/rust_mozprofile2XlTQS"
*** You are running in headless mode.
Gtk-Message: 02:56:02.764: Not loading module "atk-bridge": The functionality is provided by GTK natively. Please try to not load it.
console.warn: services.settings: Ignoring preference override of remote settings server
console.warn: services.settings: Allow by setting MOZ_REMOTE_SETTINGS_DEVTOOLS=1 in the environment
1677965162988	Marionette	INFO	Marionette enabled
1677965162990	Marionette	INFO	Listening on port 35245
Read port: 35245
WebDriver BiDi listening on ws://127.0.0.1:45225
1677965163077	RemoteAgent	WARN	TLS certificate errors will be ignored for this session
[GFX1-]: RenderCompositorSWGL failed mapping default framebuffer, no dt
console.error: ({})
console.warn: SearchSettings: "get: No settings file exists, new profile?" (new NotFoundError("Could not open the file at /tmp/rust_mozprofile2XlTQS/search.json.mozlz4", (void 0)))
DevTools listening on ws://127.0.0.1:45225/devtools/browser/3170a486-e356-4a06-a81f-a4947ea94e99
libEGL warning: DRI2: failed to create dri screen
JavaScript warning: https://static.cdninstagram.com/rsrc.php/v3if8t4/yM/l/en_US/2ymNkCA5Ma0.js?_nc_x=Ij3Wp8lg5Kz, line 28: WEBGL_debug_renderer_info is deprecated in Firefox and will be removed. Please use RENDERER.
ALSA lib conf.c:4120:(snd_config_update_r) Cannot access file /usr/share/alsa/alsa.conf
ALSA lib seq.c:935:(snd_seq_open_noupdate) Unknown SEQ default
/bin/bash: warning: setlocale: LC_ALL: cannot change locale (en_US.UTF-8)
1677965280670	geckodriver	INFO	Listening on 127.0.0.1:55613
1677965281090	mozrunner::runner	INFO	Running command: "/snap/firefox/current/firefox.launcher" "--marionette" "-headless" "--remote-debugging-port" "50533" "--remote-allow-hosts" "localhost" "-no-remote" "-profile" "/tmp/rust_mozprofileWEkOA2"
*** You are running in headless mode.
Gtk-Message: 02:58:01.130: Not loading module "atk-bridge": The functionality is provided by GTK natively. Please try to not load it.
console.warn: services.settings: Ignoring preference override of remote settings server
console.warn: services.settings: Allow by setting MOZ_REMOTE_SETTINGS_DEVTOOLS=1 in the environment
1677965281347	Marionette	INFO	Marionette enabled
1677965281349	Marionette	INFO	Listening on port 37543
Read port: 37543
WebDriver BiDi listening on ws://127.0.0.1:50533
1677965281513	RemoteAgent	WARN	TLS certificate errors will be ignored for this session
[GFX1-]: RenderCompositorSWGL failed mapping default framebuffer, no dt
console.error: ({})
console.warn: SearchSettings: "get: No settings file exists, new profile?" (new NotFoundError("Could not open the file at /tmp/rust_mozprofileWEkOA2/search.json.mozlz4", (void 0)))
DevTools listening on ws://127.0.0.1:50533/devtools/browser/db1bafba-7da0-4eae-9fef-3839d693e3ad
libEGL warning: DRI2: failed to create dri screen
JavaScript warning: https://static.cdninstagram.com/rsrc.php/v3if8t4/yM/l/en_US/2ymNkCA5Ma0.js?_nc_x=Ij3Wp8lg5Kz, line 28: WEBGL_debug_renderer_info is deprecated in Firefox and will be removed. Please use RENDERER.
ALSA lib conf.c:4120:(snd_config_update_r) Cannot access file /usr/share/alsa/alsa.conf
ALSA lib seq.c:935:(snd_seq_open_noupdate) Unknown SEQ default
/bin/bash: warning: setlocale: LC_ALL: cannot change locale (en_US.UTF-8)
1677965449156	geckodriver	INFO	Listening on 127.0.0.1:50757
1677965449527	mozrunner::runner	INFO	Running command: "/snap/firefox/current/firefox.launcher" "--marionette" "-headless" "--remote-debugging-port" "39577" "--remote-allow-hosts" "localhost" "-no-remote" "-profile" "/tmp/rust_mozprofileobnVx7"
*** You are running in headless mode.
Gtk-Message: 03:00:49.575: Not loading module "atk-bridge": The functionality is provided by GTK natively. Please try to not load it.
console.warn: services.settings: Ignoring preference override of remote settings server
console.warn: services.settings: Allow by setting MOZ_REMOTE_SETTINGS_DEVTOOLS=1 in the environment
1677965450085	Marionette	INFO	Marionette enabled
1677965450089	Marionette	INFO	Listening on port 40337
Read port: 40337
WebDriver BiDi listening on ws://127.0.0.1:39577
1677965450267	RemoteAgent	WARN	TLS certificate errors will be ignored for this session
[GFX1-]: RenderCompositorSWGL failed mapping default framebuffer, no dt
console.error: ({})
console.warn: SearchSettings: "get: No settings file exists, new profile?" (new NotFoundError("Could not open the file at /tmp/rust_mozprofileobnVx7/search.json.mozlz4", (void 0)))
DevTools listening on ws://127.0.0.1:39577/devtools/browser/7f8789f8-4cca-4fe2-8b6d-62c90d9eedc8
console.error: Region.sys.mjs: "Error fetching region" (new AbortError("The operation was aborted. ", (void 0), 762))
console.error: Region.sys.mjs: "Failed to fetch region" (new Error("NO_RESULT", "resource://gre/modules/Region.sys.mjs", 416))
libEGL warning: DRI2: failed to create dri screen
JavaScript warning: https://static.cdninstagram.com/rsrc.php/v3if8t4/yM/l/en_US/2ymNkCA5Ma0.js?_nc_x=Ij3Wp8lg5Kz, line 28: WEBGL_debug_renderer_info is deprecated in Firefox and will be removed. Please use RENDERER.
ALSA lib conf.c:4120:(snd_config_update_r) Cannot access file /usr/share/alsa/alsa.conf
ALSA lib seq.c:935:(snd_seq_open_noupdate) Unknown SEQ default
/bin/bash: warning: setlocale: LC_ALL: cannot change locale (en_US.UTF-8)
1677965573632	geckodriver	INFO	Listening on 127.0.0.1:59115
1677965574078	mozrunner::runner	INFO	Running command: "/snap/firefox/current/firefox.launcher" "--marionette" "-headless" "--remote-debugging-port" "37105" "--remote-allow-hosts" "localhost" "-no-remote" "-profile" "/tmp/rust_mozprofileMZU7Uo"
*** You are running in headless mode.
Gtk-Message: 03:02:54.175: Not loading module "atk-bridge": The functionality is provided by GTK natively. Please try to not load it.
console.warn: services.settings: Ignoring preference override of remote settings server
console.warn: services.settings: Allow by setting MOZ_REMOTE_SETTINGS_DEVTOOLS=1 in the environment
1677965574538	Marionette	INFO	Marionette enabled
1677965574541	Marionette	INFO	Listening on port 45153
Read port: 45153
WebDriver BiDi listening on ws://127.0.0.1:37105
1677965574663	RemoteAgent	WARN	TLS certificate errors will be ignored for this session
[GFX1-]: RenderCompositorSWGL failed mapping default framebuffer, no dt
console.error: ({})
console.warn: SearchSettings: "get: No settings file exists, new profile?" (new NotFoundError("Could not open the file at /tmp/rust_mozprofileMZU7Uo/search.json.mozlz4", (void 0)))
DevTools listening on ws://127.0.0.1:37105/devtools/browser/d2097c8d-13f5-42c5-9ecb-7fbbad9f3f0a
libEGL warning: DRI2: failed to create dri screen
JavaScript warning: https://static.cdninstagram.com/rsrc.php/v3if8t4/yM/l/en_US/2ymNkCA5Ma0.js?_nc_x=Ij3Wp8lg5Kz, line 28: WEBGL_debug_renderer_info is deprecated in Firefox and will be removed. Please use RENDERER.
ALSA lib conf.c:4120:(snd_config_update_r) Cannot access file /usr/share/alsa/alsa.conf
ALSA lib seq.c:935:(snd_seq_open_noupdate) Unknown SEQ default
/bin/bash: warning: setlocale: LC_ALL: cannot change locale (en_US.UTF-8)
1677965737829	geckodriver	INFO	Listening on 127.0.0.1:34775
1677965738575	mozrunner::runner	INFO	Running command: "/snap/firefox/current/firefox.launcher" "--marionette" "-headless" "--remote-debugging-port" "54781" "--remote-allow-hosts" "localhost" "-no-remote" "-profile" "/tmp/rust_mozprofilefRUYSK"
*** You are running in headless mode.
Gtk-Message: 03:05:38.637: Not loading module "atk-bridge": The functionality is provided by GTK natively. Please try to not load it.
console.warn: services.settings: Ignoring preference override of remote settings server
console.warn: services.settings: Allow by setting MOZ_REMOTE_SETTINGS_DEVTOOLS=1 in the environment
1677965739118	Marionette	INFO	Marionette enabled
1677965739122	Marionette	INFO	Listening on port 38377
Read port: 38377
WebDriver BiDi listening on ws://127.0.0.1:54781
1677965739261	RemoteAgent	WARN	TLS certificate errors will be ignored for this session
[GFX1-]: RenderCompositorSWGL failed mapping default framebuffer, no dt
console.error: ({})
console.warn: SearchSettings: "get: No settings file exists, new profile?" (new NotFoundError("Could not open the file at /tmp/rust_mozprofilefRUYSK/search.json.mozlz4", (void 0)))
ALSA lib conf.c:4120:(snd_config_update_r) Cannot access file /usr/share/alsa/alsa.conf
ALSA lib seq.c:935:(snd_seq_open_noupdate) Unknown SEQ default
DevTools listening on ws://127.0.0.1:54781/devtools/browser/cb919bb0-dc14-4c5c-baa0-3b8ffd6c370f
/bin/bash: warning: setlocale: LC_ALL: cannot change locale (en_US.UTF-8)
1677966067511	geckodriver	INFO	Listening on 127.0.0.1:34489
1677966067895	mozrunner::runner	INFO	Running command: "/snap/firefox/current/firefox.launcher" "--marionette" "-headless" "--remote-debugging-port" "55911" "--remote-allow-hosts" "localhost" "-no-remote" "-profile" "/tmp/rust_mozprofileHssqT4"
*** You are running in headless mode.
Gtk-Message: 03:11:07.917: Not loading module "atk-bridge": The functionality is provided by GTK natively. Please try to not load it.
console.warn: services.settings: Ignoring preference override of remote settings server
console.warn: services.settings: Allow by setting MOZ_REMOTE_SETTINGS_DEVTOOLS=1 in the environment
1677966068095	Marionette	INFO	Marionette enabled
1677966068097	Marionette	INFO	Listening on port 42349
WebDriver BiDi listening on ws://127.0.0.1:55911
Read port: 42349
1677966068283	RemoteAgent	WARN	TLS certificate errors will be ignored for this session
[GFX1-]: RenderCompositorSWGL failed mapping default framebuffer, no dt
console.error: ({})
console.warn: SearchSettings: "get: No settings file exists, new profile?" (new NotFoundError("Could not open the file at /tmp/rust_mozprofileHssqT4/search.json.mozlz4", (void 0)))
DevTools listening on ws://127.0.0.1:55911/devtools/browser/0f37fffe-ebe2-4153-8564-27d40dff6535
ALSA lib conf.c:4120:(snd_config_update_r) Cannot access file /usr/share/alsa/alsa.conf
ALSA lib seq.c:935:(snd_seq_open_noupdate) Unknown SEQ default
/bin/bash: warning: setlocale: LC_ALL: cannot change locale (en_US.UTF-8)
1677966130326	geckodriver	INFO	Listening on 127.0.0.1:57903
1677966130742	mozrunner::runner	INFO	Running command: "/snap/firefox/current/firefox.launcher" "--marionette" "-headless" "--remote-debugging-port" "42853" "--remote-allow-hosts" "localhost" "-no-remote" "-profile" "/tmp/rust_mozprofileTOwUsL"
*** You are running in headless mode.
Gtk-Message: 03:12:10.763: Not loading module "atk-bridge": The functionality is provided by GTK natively. Please try to not load it.
console.warn: services.settings: Ignoring preference override of remote settings server
console.warn: services.settings: Allow by setting MOZ_REMOTE_SETTINGS_DEVTOOLS=1 in the environment
1677966130925	Marionette	INFO	Marionette enabled
1677966130927	Marionette	INFO	Listening on port 42897
Read port: 42897
WebDriver BiDi listening on ws://127.0.0.1:42853
1677966131001	RemoteAgent	WARN	TLS certificate errors will be ignored for this session
[GFX1-]: RenderCompositorSWGL failed mapping default framebuffer, no dt
console.error: ({})
console.warn: SearchSettings: "get: No settings file exists, new profile?" (new NotFoundError("Could not open the file at /tmp/rust_mozprofileTOwUsL/search.json.mozlz4", (void 0)))
DevTools listening on ws://127.0.0.1:42853/devtools/browser/3ae61048-53fd-4f78-b12c-207a0e81f674
ALSA lib conf.c:4120:(snd_config_update_r) Cannot access file /usr/share/alsa/alsa.conf
ALSA lib seq.c:935:(snd_seq_open_noupdate) Unknown SEQ default
/bin/bash: warning: setlocale: LC_ALL: cannot change locale (en_US.UTF-8)
1677966168019	geckodriver	INFO	Listening on 127.0.0.1:43501
1677966168386	mozrunner::runner	INFO	Running command: "/snap/firefox/current/firefox.launcher" "--marionette" "-headless" "--remote-debugging-port" "55139" "--remote-allow-hosts" "localhost" "-no-remote" "-profile" "/tmp/rust_mozprofileUpHfd9"
*** You are running in headless mode.
Gtk-Message: 03:12:48.408: Not loading module "atk-bridge": The functionality is provided by GTK natively. Please try to not load it.
console.warn: services.settings: Ignoring preference override of remote settings server
console.warn: services.settings: Allow by setting MOZ_REMOTE_SETTINGS_DEVTOOLS=1 in the environment
1677966168587	Marionette	INFO	Marionette enabled
1677966168589	Marionette	INFO	Listening on port 46667
WebDriver BiDi listening on ws://127.0.0.1:55139
Read port: 46667
1677966168803	RemoteAgent	WARN	TLS certificate errors will be ignored for this session
[GFX1-]: RenderCompositorSWGL failed mapping default framebuffer, no dt
console.error: ({})
console.warn: SearchSettings: "get: No settings file exists, new profile?" (new NotFoundError("Could not open the file at /tmp/rust_mozprofileUpHfd9/search.json.mozlz4", (void 0)))
DevTools listening on ws://127.0.0.1:55139/devtools/browser/fe82047b-b7d3-49c8-a8d8-a4b762fefa62
libEGL warning: DRI2: failed to create dri screen
JavaScript warning: https://static.cdninstagram.com/rsrc.php/v3if8t4/yM/l/en_US/2ymNkCA5Ma0.js?_nc_x=Ij3Wp8lg5Kz, line 28: WEBGL_debug_renderer_info is deprecated in Firefox and will be removed. Please use RENDERER.
ALSA lib conf.c:4120:(snd_config_update_r) Cannot access file /usr/share/alsa/alsa.conf
ALSA lib seq.c:935:(snd_seq_open_noupdate) Unknown SEQ default
/bin/bash: warning: setlocale: LC_ALL: cannot change locale (en_US.UTF-8)
1677966283935	geckodriver	INFO	Listening on 127.0.0.1:56059
1677966284177	mozrunner::runner	INFO	Running command: "/snap/firefox/current/firefox.launcher" "--marionette" "-headless" "--remote-debugging-port" "44441" "--remote-allow-hosts" "localhost" "-no-remote" "-profile" "/tmp/rust_mozprofileFHOHs3"
*** You are running in headless mode.
Gtk-Message: 03:14:44.210: Not loading module "atk-bridge": The functionality is provided by GTK natively. Please try to not load it.
console.warn: services.settings: Ignoring preference override of remote settings server
console.warn: services.settings: Allow by setting MOZ_REMOTE_SETTINGS_DEVTOOLS=1 in the environment
1677966284440	Marionette	INFO	Marionette enabled
1677966284443	Marionette	INFO	Listening on port 41725
Read port: 41725
WebDriver BiDi listening on ws://127.0.0.1:44441
1677966284557	RemoteAgent	WARN	TLS certificate errors will be ignored for this session
[GFX1-]: RenderCompositorSWGL failed mapping default framebuffer, no dt
console.error: ({})
console.warn: SearchSettings: "get: No settings file exists, new profile?" (new NotFoundError("Could not open the file at /tmp/rust_mozprofileFHOHs3/search.json.mozlz4", (void 0)))
DevTools listening on ws://127.0.0.1:44441/devtools/browser/904b9399-2712-4156-96f9-53b7276732c1
ALSA lib conf.c:4120:(snd_config_update_r) Cannot access file /usr/share/alsa/alsa.conf
ALSA lib seq.c:935:(snd_seq_open_noupdate) Unknown SEQ default
/bin/bash: warning: setlocale: LC_ALL: cannot change locale (en_US.UTF-8)
1677966379161	geckodriver	INFO	Listening on 127.0.0.1:33493
1677966379438	mozrunner::runner	INFO	Running command: "/snap/firefox/current/firefox.launcher" "--marionette" "-headless" "--remote-debugging-port" "60935" "--remote-allow-hosts" "localhost" "-no-remote" "-profile" "/tmp/rust_mozprofilenrTuK3"
*** You are running in headless mode.
Gtk-Message: 03:16:19.456: Not loading module "atk-bridge": The functionality is provided by GTK natively. Please try to not load it.
console.warn: services.settings: Ignoring preference override of remote settings server
console.warn: services.settings: Allow by setting MOZ_REMOTE_SETTINGS_DEVTOOLS=1 in the environment
1677966379637	Marionette	INFO	Marionette enabled
1677966379639	Marionette	INFO	Listening on port 34249
WebDriver BiDi listening on ws://127.0.0.1:60935
Read port: 34249
1677966379905	RemoteAgent	WARN	TLS certificate errors will be ignored for this session
[GFX1-]: RenderCompositorSWGL failed mapping default framebuffer, no dt
console.error: ({})
console.warn: SearchSettings: "get: No settings file exists, new profile?" (new NotFoundError("Could not open the file at /tmp/rust_mozprofilenrTuK3/search.json.mozlz4", (void 0)))
DevTools listening on ws://127.0.0.1:60935/devtools/browser/b28ee160-89ac-434f-b1c6-2fd08b32338b
ALSA lib conf.c:4120:(snd_config_update_r) Cannot access file /usr/share/alsa/alsa.conf
ALSA lib seq.c:935:(snd_seq_open_noupdate) Unknown SEQ default
/bin/bash: warning: setlocale: LC_ALL: cannot change locale (en_US.UTF-8)
1677966418227	geckodriver	INFO	Listening on 127.0.0.1:56109
1677966418563	mozrunner::runner	INFO	Running command: "/snap/firefox/current/firefox.launcher" "--marionette" "-headless" "--remote-debugging-port" "45479" "--remote-allow-hosts" "localhost" "-no-remote" "-profile" "/tmp/rust_mozprofile9JF197"
*** You are running in headless mode.
Gtk-Message: 03:16:58.591: Not loading module "atk-bridge": The functionality is provided by GTK natively. Please try to not load it.
console.warn: services.settings: Ignoring preference override of remote settings server
console.warn: services.settings: Allow by setting MOZ_REMOTE_SETTINGS_DEVTOOLS=1 in the environment
1677966418795	Marionette	INFO	Marionette enabled
1677966418797	Marionette	INFO	Listening on port 35269
WebDriver BiDi listening on ws://127.0.0.1:45479
Read port: 35269
1677966418908	RemoteAgent	WARN	TLS certificate errors will be ignored for this session
[GFX1-]: RenderCompositorSWGL failed mapping default framebuffer, no dt
console.error: ({})
console.warn: SearchSettings: "get: No settings file exists, new profile?" (new NotFoundError("Could not open the file at /tmp/rust_mozprofile9JF197/search.json.mozlz4", (void 0)))
DevTools listening on ws://127.0.0.1:45479/devtools/browser/6d58c5b1-ba7e-4f17-808c-191db40c444c
ALSA lib conf.c:4120:(snd_config_update_r) Cannot access file /usr/share/alsa/alsa.conf
ALSA lib seq.c:935:(snd_seq_open_noupdate) Unknown SEQ default
/bin/bash: warning: setlocale: LC_ALL: cannot change locale (en_US.UTF-8)
1677966463288	geckodriver	INFO	Listening on 127.0.0.1:59307
1677966463873	mozrunner::runner	INFO	Running command: "/snap/firefox/current/firefox.launcher" "--marionette" "-headless" "--remote-debugging-port" "55637" "--remote-allow-hosts" "localhost" "-no-remote" "-profile" "/tmp/rust_mozprofilegPnKML"
*** You are running in headless mode.
Gtk-Message: 03:17:43.913: Not loading module "atk-bridge": The functionality is provided by GTK natively. Please try to not load it.
console.warn: services.settings: Ignoring preference override of remote settings server
console.warn: services.settings: Allow by setting MOZ_REMOTE_SETTINGS_DEVTOOLS=1 in the environment
1677966464217	Marionette	INFO	Marionette enabled
1677966464221	Marionette	INFO	Listening on port 44367
Read port: 44367
WebDriver BiDi listening on ws://127.0.0.1:55637
1677966464363	RemoteAgent	WARN	TLS certificate errors will be ignored for this session
[GFX1-]: RenderCompositorSWGL failed mapping default framebuffer, no dt
console.error: ({})
console.warn: SearchSettings: "get: No settings file exists, new profile?" (new NotFoundError("Could not open the file at /tmp/rust_mozprofilegPnKML/search.json.mozlz4", (void 0)))
DevTools listening on ws://127.0.0.1:55637/devtools/browser/67571484-50d7-453d-9f21-3b5d26194fed
libEGL warning: DRI2: failed to create dri screen
JavaScript warning: https://static.cdninstagram.com/rsrc.php/v3if8t4/yM/l/en_US/2ymNkCA5Ma0.js?_nc_x=Ij3Wp8lg5Kz, line 28: WEBGL_debug_renderer_info is deprecated in Firefox and will be removed. Please use RENDERER.
ALSA lib conf.c:4120:(snd_config_update_r) Cannot access file /usr/share/alsa/alsa.conf
ALSA lib seq.c:935:(snd_seq_open_noupdate) Unknown SEQ default
/bin/bash: warning: setlocale: LC_ALL: cannot change locale (en_US.UTF-8)
1677966800083	geckodriver	INFO	Listening on 127.0.0.1:49569
1677966800535	mozrunner::runner	INFO	Running command: "/snap/firefox/current/firefox.launcher" "--marionette" "-headless" "--remote-debugging-port" "59587" "--remote-allow-hosts" "localhost" "-no-remote" "-profile" "/tmp/rust_mozprofile4jCxRj"
*** You are running in headless mode.
Gtk-Message: 03:23:20.567: Not loading module "atk-bridge": The functionality is provided by GTK natively. Please try to not load it.
console.warn: services.settings: Ignoring preference override of remote settings server
console.warn: services.settings: Allow by setting MOZ_REMOTE_SETTINGS_DEVTOOLS=1 in the environment
1677966800935	Marionette	INFO	Marionette enabled
1677966800938	Marionette	INFO	Listening on port 37317
WebDriver BiDi listening on ws://127.0.0.1:59587
Read port: 37317
1677966801164	RemoteAgent	WARN	TLS certificate errors will be ignored for this session
[GFX1-]: RenderCompositorSWGL failed mapping default framebuffer, no dt
console.error: ({})
console.warn: SearchSettings: "get: No settings file exists, new profile?" (new NotFoundError("Could not open the file at /tmp/rust_mozprofile4jCxRj/search.json.mozlz4", (void 0)))
DevTools listening on ws://127.0.0.1:59587/devtools/browser/9dceaecf-011e-4161-b7e4-c78ce5a8caf0
libEGL warning: DRI2: failed to create dri screen
JavaScript warning: https://static.cdninstagram.com/rsrc.php/v3if8t4/yM/l/en_US/2ymNkCA5Ma0.js?_nc_x=Ij3Wp8lg5Kz, line 28: WEBGL_debug_renderer_info is deprecated in Firefox and will be removed. Please use RENDERER.
ALSA lib conf.c:4120:(snd_config_update_r) Cannot access file /usr/share/alsa/alsa.conf
ALSA lib seq.c:935:(snd_seq_open_noupdate) Unknown SEQ default
/bin/bash: warning: setlocale: LC_ALL: cannot change locale (en_US.UTF-8)
1677967063124	geckodriver	INFO	Listening on 127.0.0.1:58909
1677967063753	mozrunner::runner	INFO	Running command: "/snap/firefox/current/firefox.launcher" "--marionette" "-headless" "--remote-debugging-port" "45115" "--remote-allow-hosts" "localhost" "-no-remote" "-profile" "/tmp/rust_mozprofile66gfik"
*** You are running in headless mode.
Gtk-Message: 03:27:43.784: Not loading module "atk-bridge": The functionality is provided by GTK natively. Please try to not load it.
console.warn: services.settings: Ignoring preference override of remote settings server
console.warn: services.settings: Allow by setting MOZ_REMOTE_SETTINGS_DEVTOOLS=1 in the environment
1677967064160	Marionette	INFO	Marionette enabled
1677967064174	Marionette	INFO	Listening on port 35745
Read port: 35745
WebDriver BiDi listening on ws://127.0.0.1:45115
1677967064298	RemoteAgent	WARN	TLS certificate errors will be ignored for this session
[GFX1-]: RenderCompositorSWGL failed mapping default framebuffer, no dt
console.error: ({})
console.warn: SearchSettings: "get: No settings file exists, new profile?" (new NotFoundError("Could not open the file at /tmp/rust_mozprofile66gfik/search.json.mozlz4", (void 0)))
DevTools listening on ws://127.0.0.1:45115/devtools/browser/2020d432-ffe4-4ce6-85ca-140040658cfd
ALSA lib conf.c:4120:(snd_config_update_r) Cannot access file /usr/share/alsa/alsa.conf
ALSA lib seq.c:935:(snd_seq_open_noupdate) Unknown SEQ default
libEGL warning: DRI2: failed to create dri screen
JavaScript warning: https://static.cdninstagram.com/rsrc.php/v3if8t4/yM/l/en_US/2ymNkCA5Ma0.js?_nc_x=Ij3Wp8lg5Kz, line 28: WEBGL_debug_renderer_info is deprecated in Firefox and will be removed. Please use RENDERER.
/bin/bash: warning: setlocale: LC_ALL: cannot change locale (en_US.UTF-8)
1677967177964	geckodriver	INFO	Listening on 127.0.0.1:48473
1677967178330	mozrunner::runner	INFO	Running command: "/snap/firefox/current/firefox.launcher" "--marionette" "-headless" "--remote-debugging-port" "36703" "--remote-allow-hosts" "localhost" "-no-remote" "-profile" "/tmp/rust_mozprofilewzijlA"
*** You are running in headless mode.
Gtk-Message: 03:29:38.518: Not loading module "atk-bridge": The functionality is provided by GTK natively. Please try to not load it.
console.warn: services.settings: Ignoring preference override of remote settings server
console.warn: services.settings: Allow by setting MOZ_REMOTE_SETTINGS_DEVTOOLS=1 in the environment
1677967179062	Marionette	INFO	Marionette enabled
1677967179076	Marionette	INFO	Listening on port 33039
Read port: 33039
WebDriver BiDi listening on ws://127.0.0.1:36703
1677967179209	RemoteAgent	WARN	TLS certificate errors will be ignored for this session
[GFX1-]: RenderCompositorSWGL failed mapping default framebuffer, no dt
console.error: ({})
console.warn: SearchSettings: "get: No settings file exists, new profile?" (new NotFoundError("Could not open the file at /tmp/rust_mozprofilewzijlA/search.json.mozlz4", (void 0)))
DevTools listening on ws://127.0.0.1:36703/devtools/browser/4e28bc80-3387-4765-8f25-e6dd1ed4712b
console.error: Region.sys.mjs: "Error fetching region" (new AbortError("The operation was aborted. ", (void 0), 762))
console.error: Region.sys.mjs: "Failed to fetch region" (new Error("NO_RESULT", "resource://gre/modules/Region.sys.mjs", 416))
ALSA lib conf.c:4120:(snd_config_update_r) Cannot access file /usr/share/alsa/alsa.conf
ALSA lib seq.c:935:(snd_seq_open_noupdate) Unknown SEQ default
libEGL warning: DRI2: failed to create dri screen
JavaScript warning: https://static.cdninstagram.com/rsrc.php/v3if8t4/yM/l/en_US/2ymNkCA5Ma0.js?_nc_x=Ij3Wp8lg5Kz, line 28: WEBGL_debug_renderer_info is deprecated in Firefox and will be removed. Please use RENDERER.
/bin/bash: warning: setlocale: LC_ALL: cannot change locale (en_US.UTF-8)
1677967247368	geckodriver	INFO	Listening on 127.0.0.1:36995
1677967247740	mozrunner::runner	INFO	Running command: "/snap/firefox/current/firefox.launcher" "--marionette" "-headless" "--remote-debugging-port" "37277" "--remote-allow-hosts" "localhost" "-no-remote" "-profile" "/tmp/rust_mozprofilerYmeG1"
*** You are running in headless mode.
Gtk-Message: 03:30:47.783: Not loading module "atk-bridge": The functionality is provided by GTK natively. Please try to not load it.
console.warn: services.settings: Ignoring preference override of remote settings server
console.warn: services.settings: Allow by setting MOZ_REMOTE_SETTINGS_DEVTOOLS=1 in the environment
1677967248196	Marionette	INFO	Marionette enabled
1677967248199	Marionette	INFO	Listening on port 36697
Read port: 36697
WebDriver BiDi listening on ws://127.0.0.1:37277
1677967248328	RemoteAgent	WARN	TLS certificate errors will be ignored for this session
[GFX1-]: RenderCompositorSWGL failed mapping default framebuffer, no dt
console.error: ({})
console.warn: SearchSettings: "get: No settings file exists, new profile?" (new NotFoundError("Could not open the file at /tmp/rust_mozprofilerYmeG1/search.json.mozlz4", (void 0)))
console.error: Region.sys.mjs: "Error fetching region" (new AbortError("The operation was aborted. ", (void 0), 762))
console.error: Region.sys.mjs: "Failed to fetch region" (new Error("NO_RESULT", "resource://gre/modules/Region.sys.mjs", 416))
DevTools listening on ws://127.0.0.1:37277/devtools/browser/11d63632-cc20-408a-be0a-0e8aa55d1107
ALSA lib conf.c:4120:(snd_config_update_r) Cannot access file /usr/share/alsa/alsa.conf
ALSA lib seq.c:935:(snd_seq_open_noupdate) Unknown SEQ default
libEGL warning: DRI2: failed to create dri screen
JavaScript warning: https://static.cdninstagram.com/rsrc.php/v3if8t4/yM/l/en_US/2ymNkCA5Ma0.js?_nc_x=Ij3Wp8lg5Kz, line 28: WEBGL_debug_renderer_info is deprecated in Firefox and will be removed. Please use RENDERER.
/bin/bash: warning: setlocale: LC_ALL: cannot change locale (en_US.UTF-8)
1677967415027	geckodriver	INFO	Listening on 127.0.0.1:57325
1677967415772	mozrunner::runner	INFO	Running command: "/snap/firefox/current/firefox.launcher" "--marionette" "-headless" "--remote-debugging-port" "48837" "--remote-allow-hosts" "localhost" "-no-remote" "-profile" "/tmp/rust_mozprofileuMUQfi"
*** You are running in headless mode.
Gtk-Message: 03:33:36.569: Not loading module "atk-bridge": The functionality is provided by GTK natively. Please try to not load it.
console.warn: services.settings: Ignoring preference override of remote settings server
console.warn: services.settings: Allow by setting MOZ_REMOTE_SETTINGS_DEVTOOLS=1 in the environment
1677967418165	Marionette	INFO	Marionette enabled
1677967418203	Marionette	INFO	Listening on port 41433
Read port: 41433
Read port: 41433
WebDriver BiDi listening on ws://127.0.0.1:48837
Read port: 41433
Read port: 41433
Read port: 41433
Read port: 41433
Read port: 41433
Read port: 41433
Read port: 41433
Read port: 41433
Read port: 41433
Read port: 41433
Read port: 41433
Read port: 41433
Read port: 41433
Read port: 41433
Read port: 41433
Read port: 41433
Read port: 41433
Read port: 41433
Read port: 41433
Read port: 41433
console.error: Region.sys.mjs: "Error fetching region" (new Error("TIMEOUT", "resource://gre/modules/Region.sys.mjs", 764))
console.error: Region.sys.mjs: "Failed to fetch region" (new Error("TIMEOUT", "resource://gre/modules/Region.sys.mjs", 416))
Read port: 41433
1677967454471	RemoteAgent	WARN	TLS certificate errors will be ignored for this session
[GFX1-]: RenderCompositorSWGL failed mapping default framebuffer, no dt
console.error: ({})
console.warn: SearchSettings: "get: No settings file exists, new profile?" (new NotFoundError("Could not open the file at /tmp/rust_mozprofileuMUQfi/search.json.mozlz4", (void 0)))
ALSA lib conf.c:4120:(snd_config_update_r) Cannot access file /usr/share/alsa/alsa.conf
ALSA lib seq.c:935:(snd_seq_open_noupdate) Unknown SEQ default
DevTools listening on ws://127.0.0.1:48837/devtools/browser/741e0479-1c9c-44f9-808c-37b2382c1dec
/bin/bash: warning: setlocale: LC_ALL: cannot change locale (en_US.UTF-8)
1677967670508	geckodriver	INFO	Listening on 127.0.0.1:44965
1677967670914	mozrunner::runner	INFO	Running command: "/snap/firefox/current/firefox.launcher" "--marionette" "-headless" "--remote-debugging-port" "47675" "--remote-allow-hosts" "localhost" "-no-remote" "-profile" "/tmp/rust_mozprofile1ulNmK"
*** You are running in headless mode.
Gtk-Message: 03:37:50.934: Not loading module "atk-bridge": The functionality is provided by GTK natively. Please try to not load it.
console.warn: services.settings: Ignoring preference override of remote settings server
console.warn: services.settings: Allow by setting MOZ_REMOTE_SETTINGS_DEVTOOLS=1 in the environment
1677967671107	Marionette	INFO	Marionette enabled
1677967671110	Marionette	INFO	Listening on port 38209
Read port: 38209
WebDriver BiDi listening on ws://127.0.0.1:47675
1677967671190	RemoteAgent	WARN	TLS certificate errors will be ignored for this session
console.error: Region.sys.mjs: "Error fetching region" (new SyntaxError("JSON.parse: unexpected character at line 1 column 1 of the JSON data", ""))
console.error: Region.sys.mjs: "Failed to fetch region" (new Error("NO_RESULT", "resource://gre/modules/Region.sys.mjs", 416))
[GFX1-]: RenderCompositorSWGL failed mapping default framebuffer, no dt
console.error: ({})
console.warn: SearchSettings: "get: No settings file exists, new profile?" (new NotFoundError("Could not open the file at /tmp/rust_mozprofile1ulNmK/search.json.mozlz4", (void 0)))
console.error: (new Error("Unexpected content-type \"text/html\"", "resource://services-settings/Utils.jsm", 407))
DevTools listening on ws://127.0.0.1:47675/devtools/browser/a3dbf284-e7a6-42f1-9d7f-6bd6bbce8d28
1677967672057	Marionette	WARN	Ignoring event 'DOMContentLoaded' because document has an invalid readyState of 'complete'.
ALSA lib conf.c:4120:(snd_config_update_r) Cannot access file /usr/share/alsa/alsa.conf
ALSA lib seq.c:935:(snd_seq_open_noupdate) Unknown SEQ default
/bin/bash: warning: setlocale: LC_ALL: cannot change locale (en_US.UTF-8)
1677967709783	geckodriver	INFO	Listening on 127.0.0.1:48931
1677967710132	mozrunner::runner	INFO	Running command: "/snap/firefox/current/firefox.launcher" "--marionette" "-headless" "--remote-debugging-port" "51735" "--remote-allow-hosts" "localhost" "-no-remote" "-profile" "/tmp/rust_mozprofileQ5PjZD"
*** You are running in headless mode.
Gtk-Message: 03:38:30.157: Not loading module "atk-bridge": The functionality is provided by GTK natively. Please try to not load it.
console.warn: services.settings: Ignoring preference override of remote settings server
console.warn: services.settings: Allow by setting MOZ_REMOTE_SETTINGS_DEVTOOLS=1 in the environment
1677967710331	Marionette	INFO	Marionette enabled
1677967710334	Marionette	INFO	Listening on port 35841
WebDriver BiDi listening on ws://127.0.0.1:51735
Read port: 35841
1677967710532	RemoteAgent	WARN	TLS certificate errors will be ignored for this session
console.error: Region.sys.mjs: "Error fetching region" (new SyntaxError("JSON.parse: unexpected character at line 1 column 1 of the JSON data", ""))
console.error: Region.sys.mjs: "Failed to fetch region" (new Error("NO_RESULT", "resource://gre/modules/Region.sys.mjs", 416))
[GFX1-]: RenderCompositorSWGL failed mapping default framebuffer, no dt
console.error: ({})
console.warn: SearchSettings: "get: No settings file exists, new profile?" (new NotFoundError("Could not open the file at /tmp/rust_mozprofileQ5PjZD/search.json.mozlz4", (void 0)))
console.error: (new Error("Unexpected content-type \"text/html\"", "resource://services-settings/Utils.jsm", 407))
DevTools listening on ws://127.0.0.1:51735/devtools/browser/d8d1949a-30c2-4931-8b57-5679a0f44f54
1677967711610	Marionette	WARN	Ignoring event 'DOMContentLoaded' because document has an invalid readyState of 'complete'.
ALSA lib conf.c:4120:(snd_config_update_r) Cannot access file /usr/share/alsa/alsa.conf
ALSA lib seq.c:935:(snd_seq_open_noupdate) Unknown SEQ default
/bin/bash: warning: setlocale: LC_ALL: cannot change locale (en_US.UTF-8)
1677967807516	geckodriver	INFO	Listening on 127.0.0.1:50865
1677967807791	mozrunner::runner	INFO	Running command: "/snap/firefox/current/firefox.launcher" "--marionette" "-headless" "--remote-debugging-port" "41059" "--remote-allow-hosts" "localhost" "-no-remote" "-profile" "/tmp/rust_mozprofiletuRVZT"
*** You are running in headless mode.
Gtk-Message: 03:40:07.820: Not loading module "atk-bridge": The functionality is provided by GTK natively. Please try to not load it.
console.warn: services.settings: Ignoring preference override of remote settings server
console.warn: services.settings: Allow by setting MOZ_REMOTE_SETTINGS_DEVTOOLS=1 in the environment
1677967808046	Marionette	INFO	Marionette enabled
1677967808049	Marionette	INFO	Listening on port 46561
Read port: 46561
WebDriver BiDi listening on ws://127.0.0.1:41059
1677967808169	RemoteAgent	WARN	TLS certificate errors will be ignored for this session
console.error: Region.sys.mjs: "Error fetching region" (new SyntaxError("JSON.parse: unexpected character at line 1 column 1 of the JSON data", ""))
console.error: Region.sys.mjs: "Failed to fetch region" (new Error("NO_RESULT", "resource://gre/modules/Region.sys.mjs", 416))
[GFX1-]: RenderCompositorSWGL failed mapping default framebuffer, no dt
console.error: ({})
console.warn: SearchSettings: "get: No settings file exists, new profile?" (new NotFoundError("Could not open the file at /tmp/rust_mozprofiletuRVZT/search.json.mozlz4", (void 0)))
console.error: (new Error("Unexpected content-type \"text/html\"", "resource://services-settings/Utils.jsm", 407))
DevTools listening on ws://127.0.0.1:41059/devtools/browser/1802a9e8-caea-4038-8263-45d355e93648
1677967809339	Marionette	WARN	Ignoring event 'DOMContentLoaded' because document has an invalid readyState of 'complete'.
ALSA lib conf.c:4120:(snd_config_update_r) Cannot access file /usr/share/alsa/alsa.conf
ALSA lib seq.c:935:(snd_seq_open_noupdate) Unknown SEQ default
Exiting due to channel error.
Exiting due to channel error.
Exiting due to channel error.
Exiting due to channel error.
Exiting due to channel error.
Exiting due to channel error.
Exiting due to channel error.
Exiting due to channel error.
Exiting due to channel error.
/bin/bash: warning: setlocale: LC_ALL: cannot change locale (en_US.UTF-8)
1677967855672	geckodriver	INFO	Listening on 127.0.0.1:57561
1677967855862	mozrunner::runner	INFO	Running command: "/snap/firefox/current/firefox.launcher" "--marionette" "-headless" "--remote-debugging-port" "56385" "--remote-allow-hosts" "localhost" "-no-remote" "-profile" "/tmp/rust_mozprofile0BpabP"
*** You are running in headless mode.
Gtk-Message: 03:40:55.891: Not loading module "atk-bridge": The functionality is provided by GTK natively. Please try to not load it.
console.warn: services.settings: Ignoring preference override of remote settings server
console.warn: services.settings: Allow by setting MOZ_REMOTE_SETTINGS_DEVTOOLS=1 in the environment
1677967856154	Marionette	INFO	Marionette enabled
1677967856161	Marionette	INFO	Listening on port 36367
Read port: 36367
WebDriver BiDi listening on ws://127.0.0.1:56385
1677967856303	RemoteAgent	WARN	TLS certificate errors will be ignored for this session
[GFX1-]: RenderCompositorSWGL failed mapping default framebuffer, no dt
console.error: ({})
console.warn: SearchSettings: "get: No settings file exists, new profile?" (new NotFoundError("Could not open the file at /tmp/rust_mozprofile0BpabP/search.json.mozlz4", (void 0)))
DevTools listening on ws://127.0.0.1:56385/devtools/browser/6f707898-941e-4d8f-8857-0cdc96780e6b
console.error: Region.sys.mjs: "Error fetching region" (new Error("TIMEOUT", "resource://gre/modules/Region.sys.mjs", 764))
console.error: Region.sys.mjs: "Failed to fetch region" (new Error("TIMEOUT", "resource://gre/modules/Region.sys.mjs", 416))
ALSA lib conf.c:4120:(snd_config_update_r) Cannot access file /usr/share/alsa/alsa.conf
ALSA lib seq.c:935:(snd_seq_open_noupdate) Unknown SEQ default
console.error: (new TypeError("NetworkError: Network request failed", "resource://services-settings/Utils.jsm", 237))
Exiting due to channel error.
Exiting due to channel error.
[GFX1-]: Receive IPC close with reason=AbnormalShutdown
Exiting due to channel error.
/bin/bash: warning: setlocale: LC_ALL: cannot change locale (en_US.UTF-8)
1677967964709	geckodriver	INFO	Listening on 127.0.0.1:46515
1677967965100	mozrunner::runner	INFO	Running command: "/snap/firefox/current/firefox.launcher" "--marionette" "-headless" "--remote-debugging-port" "57677" "--remote-allow-hosts" "localhost" "-no-remote" "-profile" "/tmp/rust_mozprofileA3zJom"
*** You are running in headless mode.
Gtk-Message: 03:42:45.124: Not loading module "atk-bridge": The functionality is provided by GTK natively. Please try to not load it.
console.warn: services.settings: Ignoring preference override of remote settings server
console.warn: services.settings: Allow by setting MOZ_REMOTE_SETTINGS_DEVTOOLS=1 in the environment
1677967965322	Marionette	INFO	Marionette enabled
1677967965325	Marionette	INFO	Listening on port 37415
WebDriver BiDi listening on ws://127.0.0.1:57677
Read port: 37415
1677967965493	RemoteAgent	WARN	TLS certificate errors will be ignored for this session
[GFX1-]: RenderCompositorSWGL failed mapping default framebuffer, no dt
console.error: ({})
console.warn: SearchSettings: "get: No settings file exists, new profile?" (new NotFoundError("Could not open the file at /tmp/rust_mozprofileA3zJom/search.json.mozlz4", (void 0)))
DevTools listening on ws://127.0.0.1:57677/devtools/browser/4c3aeb3d-669a-425d-894b-a31b36b15006
libEGL warning: DRI2: failed to create dri screen
JavaScript warning: https://static.cdninstagram.com/rsrc.php/v3if8t4/yM/l/en_US/2ymNkCA5Ma0.js?_nc_x=Ij3Wp8lg5Kz, line 28: WEBGL_debug_renderer_info is deprecated in Firefox and will be removed. Please use RENDERER.
ALSA lib conf.c:4120:(snd_config_update_r) Cannot access file /usr/share/alsa/alsa.conf
ALSA lib seq.c:935:(snd_seq_open_noupdate) Unknown SEQ default
/bin/bash: warning: setlocale: LC_ALL: cannot change locale (en_US.UTF-8)
1677967990501	geckodriver	INFO	Listening on 127.0.0.1:36463
1677967990875	mozrunner::runner	INFO	Running command: "/snap/firefox/current/firefox.launcher" "--marionette" "-headless" "--remote-debugging-port" "38223" "--remote-allow-hosts" "localhost" "-no-remote" "-profile" "/tmp/rust_mozprofileiBsYwN"
*** You are running in headless mode.
Gtk-Message: 03:43:10.896: Not loading module "atk-bridge": The functionality is provided by GTK natively. Please try to not load it.
console.warn: services.settings: Ignoring preference override of remote settings server
console.warn: services.settings: Allow by setting MOZ_REMOTE_SETTINGS_DEVTOOLS=1 in the environment
1677967991059	Marionette	INFO	Marionette enabled
1677967991061	Marionette	INFO	Listening on port 39339
Read port: 39339
WebDriver BiDi listening on ws://127.0.0.1:38223
1677967991149	RemoteAgent	WARN	TLS certificate errors will be ignored for this session
[GFX1-]: RenderCompositorSWGL failed mapping default framebuffer, no dt
console.error: ({})
console.warn: SearchSettings: "get: No settings file exists, new profile?" (new NotFoundError("Could not open the file at /tmp/rust_mozprofileiBsYwN/search.json.mozlz4", (void 0)))
DevTools listening on ws://127.0.0.1:38223/devtools/browser/8533b5d4-4b47-43c3-b64e-2572dd2e0a94
libEGL warning: DRI2: failed to create dri screen
JavaScript warning: https://static.cdninstagram.com/rsrc.php/v3if8t4/yM/l/en_US/2ymNkCA5Ma0.js?_nc_x=Ij3Wp8lg5Kz, line 28: WEBGL_debug_renderer_info is deprecated in Firefox and will be removed. Please use RENDERER.
ALSA lib conf.c:4120:(snd_config_update_r) Cannot access file /usr/share/alsa/alsa.conf
ALSA lib seq.c:935:(snd_seq_open_noupdate) Unknown SEQ default
/bin/bash: warning: setlocale: LC_ALL: cannot change locale (en_US.UTF-8)
1677968018525	geckodriver	INFO	Listening on 127.0.0.1:45653
1677968018860	mozrunner::runner	INFO	Running command: "/snap/firefox/current/firefox.launcher" "--marionette" "-headless" "--remote-debugging-port" "52747" "--remote-allow-hosts" "localhost" "-no-remote" "-profile" "/tmp/rust_mozprofileJskpuj"
*** You are running in headless mode.
Gtk-Message: 03:43:38.884: Not loading module "atk-bridge": The functionality is provided by GTK natively. Please try to not load it.
console.warn: services.settings: Ignoring preference override of remote settings server
console.warn: services.settings: Allow by setting MOZ_REMOTE_SETTINGS_DEVTOOLS=1 in the environment
1677968019073	Marionette	INFO	Marionette enabled
1677968019075	Marionette	INFO	Listening on port 35687
WebDriver BiDi listening on ws://127.0.0.1:52747
Read port: 35687
1677968019270	RemoteAgent	WARN	TLS certificate errors will be ignored for this session
[GFX1-]: RenderCompositorSWGL failed mapping default framebuffer, no dt
console.error: ({})
console.warn: SearchSettings: "get: No settings file exists, new profile?" (new NotFoundError("Could not open the file at /tmp/rust_mozprofileJskpuj/search.json.mozlz4", (void 0)))
DevTools listening on ws://127.0.0.1:52747/devtools/browser/69095c31-3f83-4d76-a243-6d1b8813c81c
/bin/bash: warning: setlocale: LC_ALL: cannot change locale (en_US.UTF-8)
1677968039216	geckodriver	INFO	Listening on 127.0.0.1:44099
1677968039583	mozrunner::runner	INFO	Running command: "/snap/firefox/current/firefox.launcher" "--marionette" "-headless" "--remote-debugging-port" "46165" "--remote-allow-hosts" "localhost" "-no-remote" "-profile" "/tmp/rust_mozprofile4SrRCB"
*** You are running in headless mode.
Gtk-Message: 03:43:59.601: Not loading module "atk-bridge": The functionality is provided by GTK natively. Please try to not load it.
console.warn: services.settings: Ignoring preference override of remote settings server
console.warn: services.settings: Allow by setting MOZ_REMOTE_SETTINGS_DEVTOOLS=1 in the environment
ALSA lib conf.c:4120:(snd_config_update_r) Cannot access file /usr/share/alsa/alsa.conf
ALSA lib seq.c:935:(snd_seq_open_noupdate) Unknown SEQ default
1677968039779	Marionette	INFO	Marionette enabled
1677968039782	Marionette	INFO	Listening on port 46021
Read port: 46021
WebDriver BiDi listening on ws://127.0.0.1:46165
1677968039901	RemoteAgent	WARN	TLS certificate errors will be ignored for this session
[GFX1-]: RenderCompositorSWGL failed mapping default framebuffer, no dt
console.error: ({})
console.warn: SearchSettings: "get: No settings file exists, new profile?" (new NotFoundError("Could not open the file at /tmp/rust_mozprofile4SrRCB/search.json.mozlz4", (void 0)))
DevTools listening on ws://127.0.0.1:46165/devtools/browser/f126b9ce-c4db-4f6c-86b3-6b61dd6ace8d
ALSA lib conf.c:4120:(snd_config_update_r) Cannot access file /usr/share/alsa/alsa.conf
ALSA lib seq.c:935:(snd_seq_open_noupdate) Unknown SEQ default
/bin/bash: warning: setlocale: LC_ALL: cannot change locale (en_US.UTF-8)
1677970011306	geckodriver	INFO	Listening on 127.0.0.1:54715
1677970011849	mozrunner::runner	INFO	Running command: "/snap/firefox/current/firefox.launcher" "--marionette" "-headless" "--remote-debugging-port" "34095" "--remote-allow-hosts" "localhost" "-no-remote" "-profile" "/tmp/rust_mozprofileaxhybK"
*** You are running in headless mode.
Gtk-Message: 04:16:51.870: Not loading module "atk-bridge": The functionality is provided by GTK natively. Please try to not load it.
console.warn: services.settings: Ignoring preference override of remote settings server
console.warn: services.settings: Allow by setting MOZ_REMOTE_SETTINGS_DEVTOOLS=1 in the environment
1677970012124	Marionette	INFO	Marionette enabled
1677970012127	Marionette	INFO	Listening on port 44935
Read port: 44935
WebDriver BiDi listening on ws://127.0.0.1:34095
1677970012224	RemoteAgent	WARN	TLS certificate errors will be ignored for this session
[GFX1-]: RenderCompositorSWGL failed mapping default framebuffer, no dt
console.error: ({})
console.warn: SearchSettings: "get: No settings file exists, new profile?" (new NotFoundError("Could not open the file at /tmp/rust_mozprofileaxhybK/search.json.mozlz4", (void 0)))
DevTools listening on ws://127.0.0.1:34095/devtools/browser/d9ef8d43-1edb-4c5d-aaed-8c3ce69a811d
ALSA lib conf.c:4120:(snd_config_update_r) Cannot access file /usr/share/alsa/alsa.conf
ALSA lib seq.c:935:(snd_seq_open_noupdate) Unknown SEQ default
/bin/bash: warning: setlocale: LC_ALL: cannot change locale (en_US.UTF-8)
1677970064969	geckodriver	INFO	Listening on 127.0.0.1:33573
1677970065336	mozrunner::runner	INFO	Running command: "/snap/firefox/current/firefox.launcher" "--marionette" "-headless" "--remote-debugging-port" "52109" "--remote-allow-hosts" "localhost" "-no-remote" "-profile" "/tmp/rust_mozprofileohRqOK"
*** You are running in headless mode.
Gtk-Message: 04:17:45.360: Not loading module "atk-bridge": The functionality is provided by GTK natively. Please try to not load it.
console.warn: services.settings: Ignoring preference override of remote settings server
console.warn: services.settings: Allow by setting MOZ_REMOTE_SETTINGS_DEVTOOLS=1 in the environment
1677970065584	Marionette	INFO	Marionette enabled
1677970065587	Marionette	INFO	Listening on port 38173
Read port: 38173
WebDriver BiDi listening on ws://127.0.0.1:52109
1677970065685	RemoteAgent	WARN	TLS certificate errors will be ignored for this session
[GFX1-]: RenderCompositorSWGL failed mapping default framebuffer, no dt
console.error: ({})
console.warn: SearchSettings: "get: No settings file exists, new profile?" (new NotFoundError("Could not open the file at /tmp/rust_mozprofileohRqOK/search.json.mozlz4", (void 0)))
DevTools listening on ws://127.0.0.1:52109/devtools/browser/b52d7a2f-34be-4ac9-ac5a-e482111d6717
/bin/bash: warning: setlocale: LC_ALL: cannot change locale (en_US.UTF-8)
1677970078923	geckodriver	INFO	Listening on 127.0.0.1:59475
1677970079028	mozrunner::runner	INFO	Running command: "/snap/firefox/current/firefox.launcher" "--marionette" "-headless" "--remote-debugging-port" "57609" "--remote-allow-hosts" "localhost" "-no-remote" "-profile" "/tmp/rust_mozprofiletpukGU"
*** You are running in headless mode.
Gtk-Message: 04:17:59.063: Not loading module "atk-bridge": The functionality is provided by GTK natively. Please try to not load it.
console.warn: services.settings: Ignoring preference override of remote settings server
console.warn: services.settings: Allow by setting MOZ_REMOTE_SETTINGS_DEVTOOLS=1 in the environment
1677970079285	Marionette	INFO	Marionette enabled
1677970079287	Marionette	INFO	Listening on port 44479
Read port: 44479
WebDriver BiDi listening on ws://127.0.0.1:57609
1677970079408	RemoteAgent	WARN	TLS certificate errors will be ignored for this session
/bin/bash: warning: setlocale: LC_ALL: cannot change locale (en_US.UTF-8)
1677970079716	geckodriver	INFO	Listening on 127.0.0.1:38469
[GFX1-]: RenderCompositorSWGL failed mapping default framebuffer, no dt
console.error: ({})
console.warn: SearchSettings: "get: No settings file exists, new profile?" (new NotFoundError("Could not open the file at /tmp/rust_mozprofiletpukGU/search.json.mozlz4", (void 0)))
1677970080059	mozrunner::runner	INFO	Running command: "/snap/firefox/current/firefox.launcher" "--marionette" "-headless" "--remote-debugging-port" "60115" "--remote-allow-hosts" "localhost" "-no-remote" "-profile" "/tmp/rust_mozprofilejQC5Bj"
*** You are running in headless mode.
Gtk-Message: 04:18:00.117: Not loading module "atk-bridge": The functionality is provided by GTK natively. Please try to not load it.
console.warn: services.settings: Ignoring preference override of remote settings server
console.warn: services.settings: Allow by setting MOZ_REMOTE_SETTINGS_DEVTOOLS=1 in the environment
1677970080398	Marionette	INFO	Marionette enabled
1677970080400	Marionette	INFO	Listening on port 36477
Read port: 36477
WebDriver BiDi listening on ws://127.0.0.1:60115
1677970080528	RemoteAgent	WARN	TLS certificate errors will be ignored for this session
DevTools listening on ws://127.0.0.1:57609/devtools/browser/fac8ea9e-ca56-488d-abac-38eacdb32ef7
[GFX1-]: RenderCompositorSWGL failed mapping default framebuffer, no dt
console.error: ({})
console.warn: SearchSettings: "get: No settings file exists, new profile?" (new NotFoundError("Could not open the file at /tmp/rust_mozprofilejQC5Bj/search.json.mozlz4", (void 0)))
DevTools listening on ws://127.0.0.1:60115/devtools/browser/a57a03d1-189a-4635-93af-c5f656adc970
ALSA lib conf.c:4120:(snd_config_update_r) Cannot access file /usr/share/alsa/alsa.conf
ALSA lib seq.c:935:(snd_seq_open_noupdate) Unknown SEQ default
ALSA lib conf.c:4120:(snd_config_update_r) Cannot access file /usr/share/alsa/alsa.conf
ALSA lib seq.c:935:(snd_seq_open_noupdate) Unknown SEQ default
ALSA lib conf.c:4120:(snd_config_update_r) Cannot access file /usr/share/alsa/alsa.conf
ALSA lib seq.c:935:(snd_seq_open_noupdate) Unknown SEQ default
/bin/bash: warning: setlocale: LC_ALL: cannot change locale (en_US.UTF-8)
1677970135725	geckodriver	INFO	Listening on 127.0.0.1:48559
1677970136101	mozrunner::runner	INFO	Running command: "/snap/firefox/current/firefox.launcher" "--marionette" "-headless" "--remote-debugging-port" "40235" "--remote-allow-hosts" "localhost" "-no-remote" "-profile" "/tmp/rust_mozprofileKBkGXi"
*** You are running in headless mode.
Gtk-Message: 04:18:56.154: Not loading module "atk-bridge": The functionality is provided by GTK natively. Please try to not load it.
console.warn: services.settings: Ignoring preference override of remote settings server
console.warn: services.settings: Allow by setting MOZ_REMOTE_SETTINGS_DEVTOOLS=1 in the environment
1677970136767	Marionette	INFO	Marionette enabled
1677970136775	Marionette	INFO	Listening on port 34119
Read port: 34119
WebDriver BiDi listening on ws://127.0.0.1:40235
1677970136991	RemoteAgent	WARN	TLS certificate errors will be ignored for this session
[GFX1-]: RenderCompositorSWGL failed mapping default framebuffer, no dt
console.error: ({})
console.warn: SearchSettings: "get: No settings file exists, new profile?" (new NotFoundError("Could not open the file at /tmp/rust_mozprofileKBkGXi/search.json.mozlz4", (void 0)))
DevTools listening on ws://127.0.0.1:40235/devtools/browser/ed001163-c4d7-488a-b05f-fe0486838343
libEGL warning: DRI2: failed to create dri screen
JavaScript warning: https://static.cdninstagram.com/rsrc.php/v3if8t4/yM/l/en_US/2ymNkCA5Ma0.js?_nc_x=Ij3Wp8lg5Kz, line 28: WEBGL_debug_renderer_info is deprecated in Firefox and will be removed. Please use RENDERER.
ALSA lib conf.c:4120:(snd_config_update_r) Cannot access file /usr/share/alsa/alsa.conf
ALSA lib seq.c:935:(snd_seq_open_noupdate) Unknown SEQ default
/bin/bash: warning: setlocale: LC_ALL: cannot change locale (en_US.UTF-8)
1677970164236	geckodriver	INFO	Listening on 127.0.0.1:60517
1677970165001	mozrunner::runner	INFO	Running command: "/snap/firefox/current/firefox.launcher" "--marionette" "-headless" "--remote-debugging-port" "55357" "--remote-allow-hosts" "localhost" "-no-remote" "-profile" "/tmp/rust_mozprofile3yWMDi"
*** You are running in headless mode.
Gtk-Message: 04:19:25.042: Not loading module "atk-bridge": The functionality is provided by GTK natively. Please try to not load it.
console.warn: services.settings: Ignoring preference override of remote settings server
console.warn: services.settings: Allow by setting MOZ_REMOTE_SETTINGS_DEVTOOLS=1 in the environment
1677970165518	Marionette	INFO	Marionette enabled
1677970165521	Marionette	INFO	Listening on port 44615
Read port: 44615
WebDriver BiDi listening on ws://127.0.0.1:55357
1677970165686	RemoteAgent	WARN	TLS certificate errors will be ignored for this session
[GFX1-]: RenderCompositorSWGL failed mapping default framebuffer, no dt
console.error: ({})
console.warn: SearchSettings: "get: No settings file exists, new profile?" (new NotFoundError("Could not open the file at /tmp/rust_mozprofile3yWMDi/search.json.mozlz4", (void 0)))
DevTools listening on ws://127.0.0.1:55357/devtools/browser/bcc9d56c-aa12-4681-b2d2-c41025414b3d
ALSA lib conf.c:4120:(snd_config_update_r) Cannot access file /usr/share/alsa/alsa.conf
ALSA lib seq.c:935:(snd_seq_open_noupdate) Unknown SEQ default
/bin/bash: warning: setlocale: LC_ALL: cannot change locale (en_US.UTF-8)
1677970205312	geckodriver	INFO	Listening on 127.0.0.1:33287
1677970206010	mozrunner::runner	INFO	Running command: "/snap/firefox/current/firefox.launcher" "--marionette" "-headless" "--remote-debugging-port" "41365" "--remote-allow-hosts" "localhost" "-no-remote" "-profile" "/tmp/rust_mozprofileYYbiYC"
*** You are running in headless mode.
Gtk-Message: 04:20:06.167: Not loading module "atk-bridge": The functionality is provided by GTK natively. Please try to not load it.
console.warn: services.settings: Ignoring preference override of remote settings server
console.warn: services.settings: Allow by setting MOZ_REMOTE_SETTINGS_DEVTOOLS=1 in the environment
1677970206892	Marionette	INFO	Marionette enabled
1677970206896	Marionette	INFO	Listening on port 35443
Read port: 35443
WebDriver BiDi listening on ws://127.0.0.1:41365
1677970207247	RemoteAgent	WARN	TLS certificate errors will be ignored for this session
console.error: Region.sys.mjs: "Error fetching region" (new Error("TIMEOUT", "resource://gre/modules/Region.sys.mjs", 764))
console.error: Region.sys.mjs: "Failed to fetch region" (new Error("TIMEOUT", "resource://gre/modules/Region.sys.mjs", 416))
[GFX1-]: RenderCompositorSWGL failed mapping default framebuffer, no dt
console.error: ({})
console.warn: SearchSettings: "get: No settings file exists, new profile?" (new NotFoundError("Could not open the file at /tmp/rust_mozprofileYYbiYC/search.json.mozlz4", (void 0)))
DevTools listening on ws://127.0.0.1:41365/devtools/browser/97877ba1-4167-487f-9ab5-37756fbbe014
ALSA lib conf.c:4120:(snd_config_update_r) Cannot access file /usr/share/alsa/alsa.conf
ALSA lib seq.c:935:(snd_seq_open_noupdate) Unknown SEQ default
/bin/bash: warning: setlocale: LC_ALL: cannot change locale (en_US.UTF-8)
1677970329078	geckodriver	INFO	Listening on 127.0.0.1:54901
1677970329923	mozrunner::runner	INFO	Running command: "/snap/firefox/current/firefox.launcher" "--marionette" "-headless" "--remote-debugging-port" "60803" "--remote-allow-hosts" "localhost" "-no-remote" "-profile" "/tmp/rust_mozprofileRBoOl3"
*** You are running in headless mode.
Gtk-Message: 04:22:10.670: Not loading module "atk-bridge": The functionality is provided by GTK natively. Please try to not load it.
console.warn: services.settings: Ignoring preference override of remote settings server
console.warn: services.settings: Allow by setting MOZ_REMOTE_SETTINGS_DEVTOOLS=1 in the environment
1677970331496	Marionette	INFO	Marionette enabled
1677970331536	Marionette	INFO	Listening on port 44617
Read port: 44617
WebDriver BiDi listening on ws://127.0.0.1:60803
1677970332076	RemoteAgent	WARN	TLS certificate errors will be ignored for this session
console.error: Region.sys.mjs: "Error fetching region" (new Error("TIMEOUT", "resource://gre/modules/Region.sys.mjs", 764))
console.error: Region.sys.mjs: "Failed to fetch region" (new Error("TIMEOUT", "resource://gre/modules/Region.sys.mjs", 416))
[GFX1-]: RenderCompositorSWGL failed mapping default framebuffer, no dt
console.error: ({})
console.warn: SearchSettings: "get: No settings file exists, new profile?" (new NotFoundError("Could not open the file at /tmp/rust_mozprofileRBoOl3/search.json.mozlz4", (void 0)))
DevTools listening on ws://127.0.0.1:60803/devtools/browser/2e8f9001-8e5b-47b9-befb-cac20d3cf54c
Exiting due to channel error.
Exiting due to channel error.
Exiting due to channel error.
Exiting due to channel error.
Exiting due to channel error.
Exiting due to channel error.
Exiting due to channel error.
Exiting due to channel error.
Exiting due to channel error.
Exiting due to channel error.
Exiting due to channel error.
Exiting due to channel error.
Exiting due to channel error.
Exiting due to channel error.
Exiting due to channel error.
Exiting due to channel error.
Exiting due to channel error.
Exiting due to channel error.
Exiting due to channel error.
Exiting due to channel error.
Exiting due to channel error.
Exiting due to channel error.
Exiting due to channel error.
Exiting due to channel error.
Exiting due to channel error.
Exiting due to channel error.
Exiting due to channel error.
Exiting due to channel error.
Exiting due to channel error.
Exiting due to channel error.
Exiting due to channel error.
Exiting due to channel error.
Exiting due to channel error.
Exiting due to channel error.
Exiting due to channel error.
/bin/bash: warning: setlocale: LC_ALL: cannot change locale (en_US.UTF-8)
1677970399869	geckodriver	INFO	Listening on 127.0.0.1:40203
1677970400253	mozrunner::runner	INFO	Running command: "/snap/firefox/current/firefox.launcher" "--marionette" "-headless" "--remote-debugging-port" "36353" "--remote-allow-hosts" "localhost" "-no-remote" "-profile" "/tmp/rust_mozprofilerJvXr0"
*** You are running in headless mode.
Gtk-Message: 04:23:20.280: Not loading module "atk-bridge": The functionality is provided by GTK natively. Please try to not load it.
console.warn: services.settings: Ignoring preference override of remote settings server
console.warn: services.settings: Allow by setting MOZ_REMOTE_SETTINGS_DEVTOOLS=1 in the environment
1677970400460	Marionette	INFO	Marionette enabled
1677970400463	Marionette	INFO	Listening on port 40277
WebDriver BiDi listening on ws://127.0.0.1:36353
Read port: 40277
1677970400662	RemoteAgent	WARN	TLS certificate errors will be ignored for this session
[GFX1-]: RenderCompositorSWGL failed mapping default framebuffer, no dt
console.error: ({})
console.warn: SearchSettings: "get: No settings file exists, new profile?" (new NotFoundError("Could not open the file at /tmp/rust_mozprofilerJvXr0/search.json.mozlz4", (void 0)))
DevTools listening on ws://127.0.0.1:36353/devtools/browser/ef7ef028-9a99-4d6d-896a-aa5a7e881543
libEGL warning: DRI2: failed to create dri screen
JavaScript warning: https://static.cdninstagram.com/rsrc.php/v3if8t4/yM/l/en_US/2ymNkCA5Ma0.js?_nc_x=Ij3Wp8lg5Kz, line 28: WEBGL_debug_renderer_info is deprecated in Firefox and will be removed. Please use RENDERER.
ALSA lib conf.c:4120:(snd_config_update_r) Cannot access file /usr/share/alsa/alsa.conf
ALSA lib seq.c:935:(snd_seq_open_noupdate) Unknown SEQ default
/bin/bash: warning: setlocale: LC_ALL: cannot change locale (en_US.UTF-8)
1677970448485	geckodriver	INFO	Listening on 127.0.0.1:56597
1677970448862	mozrunner::runner	INFO	Running command: "/snap/firefox/current/firefox.launcher" "--marionette" "-headless" "--remote-debugging-port" "58839" "--remote-allow-hosts" "localhost" "-no-remote" "-profile" "/tmp/rust_mozprofile4MtWjD"
*** You are running in headless mode.
Gtk-Message: 04:24:08.886: Not loading module "atk-bridge": The functionality is provided by GTK natively. Please try to not load it.
console.warn: services.settings: Ignoring preference override of remote settings server
console.warn: services.settings: Allow by setting MOZ_REMOTE_SETTINGS_DEVTOOLS=1 in the environment
1677970449050	Marionette	INFO	Marionette enabled
1677970449053	Marionette	INFO	Listening on port 40591
Read port: 40591
WebDriver BiDi listening on ws://127.0.0.1:58839
1677970449128	RemoteAgent	WARN	TLS certificate errors will be ignored for this session
[GFX1-]: RenderCompositorSWGL failed mapping default framebuffer, no dt
console.error: ({})
console.warn: SearchSettings: "get: No settings file exists, new profile?" (new NotFoundError("Could not open the file at /tmp/rust_mozprofile4MtWjD/search.json.mozlz4", (void 0)))
DevTools listening on ws://127.0.0.1:58839/devtools/browser/27da69b5-177d-497f-b0ba-50a40b2e173b
ALSA lib conf.c:4120:(snd_config_update_r) Cannot access file /usr/share/alsa/alsa.conf
ALSA lib seq.c:935:(snd_seq_open_noupdate) Unknown SEQ default
Exiting due to channel error.
Exiting due to channel error.
Exiting due to channel error.
Exiting due to channel error.
Exiting due to channel error.
Exiting due to channel error.
